C:\USERS\PREFERRED CUSTOMER\DESKTOP\ES_SSD340-FINAL_PROJECT - ELECTRON_ORBITS\DEBUG\SOURCE.OBJ
C:\USERS\PREFERRED CUSTOMER\DESKTOP\ES_SSD340-FINAL_PROJECT - ELECTRON_ORBITS\DEBUG\VC110.PDB
C:\USERS\PREFERRED CUSTOMER\DESKTOP\ES_SSD340-FINAL_PROJECT - ELECTRON_ORBITS\DEBUG\ES_SSD340_FINAL_PROJECT.ILK
C:\USERS\PREFERRED CUSTOMER\DESKTOP\ES_SSD340-FINAL_PROJECT - ELECTRON_ORBITS\DEBUG\ES_SSD340_FINAL_PROJECT.EXE
C:\USERS\PREFERRED CUSTOMER\DESKTOP\ES_SSD340-FINAL_PROJECT - ELECTRON_ORBITS\DEBUG\ES_SSD340_FINAL_PROJECT.PDB
E:\ES_SSD340 - Final_Project\ES_SSD340-Final_Project - Electron_Orbits\Debug\Source.obj
E:\ES_SSD340 - Final_Project\ES_SSD340-Final_Project - Electron_Orbits\Debug\ES_SSD340_Final_Project.ilk
E:\ES_SSD340 - Final_Project\ES_SSD340-Final_Project - Electron_Orbits\Debug\cl.command.1.tlog
E:\ES_SSD340 - Final_Project\ES_SSD340-Final_Project - Electron_Orbits\Debug\CL.read.1.tlog
E:\ES_SSD340 - Final_Project\ES_SSD340-Final_Project - Electron_Orbits\Debug\CL.write.1.tlog
E:\ES_SSD340 - Final_Project\ES_SSD340-Final_Project - Electron_Orbits\Debug\link-cvtres.read.1.tlog
E:\ES_SSD340 - Final_Project\ES_SSD340-Final_Project - Electron_Orbits\Debug\link-cvtres.write.1.tlog
E:\ES_SSD340 - Final_Project\ES_SSD340-Final_Project - Electron_Orbits\Debug\link-rc.read.1.tlog
E:\ES_SSD340 - Final_Project\ES_SSD340-Final_Project - Electron_Orbits\Debug\link-rc.write.1.tlog
E:\ES_SSD340 - Final_Project\ES_SSD340-Final_Project - Electron_Orbits\Debug\link.command.1.tlog
E:\ES_SSD340 - Final_Project\ES_SSD340-Final_Project - Electron_Orbits\Debug\link.read.1.tlog
E:\ES_SSD340 - Final_Project\ES_SSD340-Final_Project - Electron_Orbits\Debug\link.write.1.tlog
E:\ES_SSD340 - Final_Project\ES_SSD340-Final_Project - Electron_Orbits\Debug\vc110.idb
E:\ES_SSD340 - Final_Project\ES_SSD340-Final_Project - Electron_Orbits\Debug\ES_SSD340_Final_Project.pdb
E:\ES_SSD340 - Final_Project\ES_SSD340-Final_Project - Electron_Orbits\Debug\vc110.pdb
E:\ES_SSD340 - Final_Project\ES_SSD340-Final_Project - Electron_Orbits\Debug\ES_SSD340_Final_Project.exe
